c:\users\user\desktop\cpppractice\sfml\myprojects\game0001_tetris\game0001_tetris\debug\vc142.pdb
c:\users\user\desktop\cpppractice\sfml\myprojects\game0001_tetris\game0001_tetris\debug\vc142.idb
c:\users\user\desktop\cpppractice\sfml\myprojects\game0001_tetris\game0001_tetris\debug\gameengine.obj
c:\users\user\desktop\cpppractice\sfml\myprojects\game0001_tetris\game0001_tetris\debug\game0001_tetris.obj
c:\users\user\desktop\cpppractice\sfml\myprojects\game0001_tetris\game0001_tetris\debug\gamefigure.obj
c:\users\user\desktop\cpppractice\sfml\myprojects\game0001_tetris\debug\game0001_tetris.exe
c:\users\user\desktop\cpppractice\sfml\myprojects\game0001_tetris\debug\game0001_tetris.ilk
c:\users\user\desktop\cpppractice\sfml\myprojects\game0001_tetris\debug\game0001_tetris.pdb
c:\users\user\desktop\cpppractice\sfml\myprojects\game0001_tetris\game0001_tetris\debug\game0001_tetris.tlog\cl.command.1.tlog
c:\users\user\desktop\cpppractice\sfml\myprojects\game0001_tetris\game0001_tetris\debug\game0001_tetris.tlog\cl.read.1.tlog
c:\users\user\desktop\cpppractice\sfml\myprojects\game0001_tetris\game0001_tetris\debug\game0001_tetris.tlog\cl.write.1.tlog
c:\users\user\desktop\cpppractice\sfml\myprojects\game0001_tetris\game0001_tetris\debug\game0001_tetris.tlog\link.5764-cvtres.read.1.tlog
c:\users\user\desktop\cpppractice\sfml\myprojects\game0001_tetris\game0001_tetris\debug\game0001_tetris.tlog\link.5764-cvtres.write.1.tlog
c:\users\user\desktop\cpppractice\sfml\myprojects\game0001_tetris\game0001_tetris\debug\game0001_tetris.tlog\link.5764-rc.read.1.tlog
c:\users\user\desktop\cpppractice\sfml\myprojects\game0001_tetris\game0001_tetris\debug\game0001_tetris.tlog\link.5764-rc.write.1.tlog
c:\users\user\desktop\cpppractice\sfml\myprojects\game0001_tetris\game0001_tetris\debug\game0001_tetris.tlog\link.5764.read.1.tlog
c:\users\user\desktop\cpppractice\sfml\myprojects\game0001_tetris\game0001_tetris\debug\game0001_tetris.tlog\link.5764.write.1.tlog
c:\users\user\desktop\cpppractice\sfml\myprojects\game0001_tetris\game0001_tetris\debug\game0001_tetris.tlog\link.command.1.tlog
c:\users\user\desktop\cpppractice\sfml\myprojects\game0001_tetris\game0001_tetris\debug\game0001_tetris.tlog\link.read.1.tlog
c:\users\user\desktop\cpppractice\sfml\myprojects\game0001_tetris\game0001_tetris\debug\game0001_tetris.tlog\link.write.1.tlog
